0 info it worked if it ends with ok
1 verbose cli [ 'C:\\Program Files\\nodejs\\node.exe',
1 verbose cli   'C:\\Program Files\\nodejs\\node_modules\\npm\\bin\\npm-cli.js',
1 verbose cli   'run',
1 verbose cli   'tdd' ]
2 info using npm@3.10.10
3 info using node@v7.2.1
4 verbose run-script [ 'pretdd', 'tdd', 'posttdd' ]
5 info lifecycle aurelia-skeleton-navigation@1.0.0~pretdd: aurelia-skeleton-navigation@1.0.0
6 silly lifecycle aurelia-skeleton-navigation@1.0.0~pretdd: no script for pretdd, continuing
7 info lifecycle aurelia-skeleton-navigation@1.0.0~tdd: aurelia-skeleton-navigation@1.0.0
8 verbose lifecycle aurelia-skeleton-navigation@1.0.0~tdd: unsafe-perm in lifecycle true
9 verbose lifecycle aurelia-skeleton-navigation@1.0.0~tdd: PATH: C:\Program Files\nodejs\node_modules\npm\bin\node-gyp-bin;C:\Users\alobo\Desktop\Myprojects\Interactive-coding\node_modules\.bin;C:\ProgramData\Oracle\Java\javapath;C:\WINDOWS\system32;C:\WINDOWS;C:\WINDOWS\System32\Wbem;C:\WINDOWS\System32\WindowsPowerShell\v1.0\;C:\Program Files\Git\cmd;C:\Program Files\nodejs\;C:\Users\alobo\AppData\Local\Microsoft\WindowsApps;C:\Users\alobo\AppData\Roaming\npm;C:\Program Files (x86)\Microsoft VS Code\bin
10 verbose lifecycle aurelia-skeleton-navigation@1.0.0~tdd: CWD: C:\Users\alobo\Desktop\Myprojects\Interactive-coding
11 silly lifecycle aurelia-skeleton-navigation@1.0.0~tdd: Args: [ '/d /s /c', 'gulp tdd' ]
12 silly lifecycle aurelia-skeleton-navigation@1.0.0~tdd: Returned: code: 3221225786  signal: null
13 info lifecycle aurelia-skeleton-navigation@1.0.0~tdd: Failed to exec tdd script
14 verbose stack Error: aurelia-skeleton-navigation@1.0.0 tdd: `gulp tdd`
14 verbose stack Exit status 3221225786
14 verbose stack     at EventEmitter.<anonymous> (C:\Program Files\nodejs\node_modules\npm\lib\utils\lifecycle.js:255:16)
14 verbose stack     at emitTwo (events.js:106:13)
14 verbose stack     at EventEmitter.emit (events.js:191:7)
14 verbose stack     at ChildProcess.<anonymous> (C:\Program Files\nodejs\node_modules\npm\lib\utils\spawn.js:40:14)
14 verbose stack     at emitTwo (events.js:106:13)
14 verbose stack     at ChildProcess.emit (events.js:191:7)
14 verbose stack     at maybeClose (internal/child_process.js:885:16)
14 verbose stack     at Process.ChildProcess._handle.onexit (internal/child_process.js:226:5)
15 verbose pkgid aurelia-skeleton-navigation@1.0.0
16 verbose cwd C:\Users\alobo\Desktop\Myprojects\Interactive-coding
17 error Windows_NT 10.0.14393
18 error argv "C:\\Program Files\\nodejs\\node.exe" "C:\\Program Files\\nodejs\\node_modules\\npm\\bin\\npm-cli.js" "run" "tdd"
19 error node v7.2.1
20 error npm  v3.10.10
21 error code ELIFECYCLE
22 error aurelia-skeleton-navigation@1.0.0 tdd: `gulp tdd`
22 error Exit status 3221225786
23 error Failed at the aurelia-skeleton-navigation@1.0.0 tdd script 'gulp tdd'.
23 error Make sure you have the latest version of node.js and npm installed.
23 error If you do, this is most likely a problem with the aurelia-skeleton-navigation package,
23 error not with npm itself.
23 error Tell the author that this fails on your system:
23 error     gulp tdd
23 error You can get information on how to open an issue for this project with:
23 error     npm bugs aurelia-skeleton-navigation
23 error Or if that isn't available, you can get their info via:
23 error     npm owner ls aurelia-skeleton-navigation
23 error There is likely additional logging output above.
24 verbose exit [ 1, true ]
